<?xml version="1.0" encoding="UTF-8"?>
<!-- Generated by org.testng.reporters.JUnitReportReporter -->
<testsuite hostname="Signature-IT-QA" failures="0" tests="1" name="sig.ikea.testcases.WishlistTestEcommerce" time="36.600" errors="0" timestamp="2020-03-11T11:08:48 IST" skipped="0">
  <testcase classname="sig.ikea.testcases.WishlistTestEcommerce" name="wishlistApp" time="36.600"/>
  <system-out/>
</testsuite> <!-- sig.ikea.testcases.WishlistTestEcommerce -->
