<?xml version="1.0" encoding="UTF-8"?>
<!-- Generated by org.testng.reporters.JUnitReportReporter -->
<testsuite hostname="Signature-IT-QA" failures="0" tests="1" name="sig.ikea.testcases.ProductTestEcommerce" time="17.575" errors="0" timestamp="2020-03-01T17:58:45 IST" skipped="0">
  <testcase classname="sig.ikea.testcases.ProductTestEcommerce" name="productApp" time="17.575"/>
  <system-out/>
</testsuite> <!-- sig.ikea.testcases.ProductTestEcommerce -->
