<?xml version="1.0" encoding="UTF-8"?>
<!-- Generated by org.testng.reporters.JUnitReportReporter -->
<testsuite hostname="Signature-IT-QA" failures="0" tests="1" name="sig.ikea.testcases.ProductTestEcommerce" time="18.123" errors="0" timestamp="2020-03-10T10:37:12 IST" skipped="0">
  <testcase classname="sig.ikea.testcases.ProductTestEcommerce" name="productApp" time="18.123"/>
  <system-out/>
</testsuite> <!-- sig.ikea.testcases.ProductTestEcommerce -->
