<?xml version="1.0" encoding="UTF-8"?>
<!-- Generated by org.testng.reporters.JUnitReportReporter -->
<testsuite hostname="Signature-IT-QA" failures="0" tests="1" name="sig.ikea.testcases.ProductTestEcommerce" time="5.732" errors="0" timestamp="2020-02-17T17:23:49 IST" skipped="0">
  <testcase classname="sig.ikea.testcases.ProductTestEcommerce" name="searchtApp" time="5.732"/>
  <system-out/>
</testsuite> <!-- sig.ikea.testcases.ProductTestEcommerce -->
