<?xml version="1.0" encoding="UTF-8"?>
<!-- Generated by org.testng.reporters.JUnitReportReporter -->
<testsuite hostname="Signature-IT-QA" failures="0" tests="1" name="sig.ikea.testcases.LoginTestEcommerce" time="3.485" errors="0" timestamp="2020-02-13T16:22:40 IST" skipped="0">
  <testcase classname="sig.ikea.testcases.LoginTestEcommerce" name="loginApp" time="3.485"/>
  <system-out/>
</testsuite> <!-- sig.ikea.testcases.LoginTestEcommerce -->
