<?xml version="1.0" encoding="UTF-8"?>
<!-- Generated by org.testng.reporters.JUnitReportReporter -->
<testsuite hostname="Signature-IT-QA" failures="0" tests="1" name="sig.ikea.testcases.ProductTestEcommerce" time="11.179" errors="0" timestamp="2020-02-18T15:55:12 IST" skipped="0">
  <testcase classname="sig.ikea.testcases.ProductTestEcommerce" name="productApp" time="11.179"/>
  <system-out/>
</testsuite> <!-- sig.ikea.testcases.ProductTestEcommerce -->
