<?xml version="1.0" encoding="UTF-8"?>
<!-- Generated by org.testng.reporters.JUnitReportReporter -->
<testsuite hostname="Signature-IT-QA" failures="0" tests="1" name="sig.ikea.testcases.WishlistTestEcommerce" time="41.830" errors="0" timestamp="2020-03-10T18:07:33 IST" skipped="0">
  <testcase classname="sig.ikea.testcases.WishlistTestEcommerce" name="wishlistApp" time="41.830"/>
  <system-out/>
</testsuite> <!-- sig.ikea.testcases.WishlistTestEcommerce -->
