<?xml version="1.0" encoding="UTF-8"?>
<!-- Generated by org.testng.reporters.JUnitReportReporter -->
<testsuite hostname="Signature-IT-QA" failures="0" tests="1" name="sig.ikea.testcases.ProductTestEcommerce" time="16.533" errors="0" timestamp="2020-02-19T18:56:45 IST" skipped="0">
  <testcase classname="sig.ikea.testcases.ProductTestEcommerce" name="productApp" time="16.533"/>
  <system-out/>
</testsuite> <!-- sig.ikea.testcases.ProductTestEcommerce -->
